<?xml version="1.0" encoding="utf-8" ?>
<portable-config>
	<config-file path="WEB-INF/classes/application.properties">
		<replace key="env.flag">test</replace>
		<!-- Redis Cluster Settings -->
		<replace key="redis.nodes">172.17.9.15:7000,172.17.9.16:7000,172.17.9.17:7000</replace>
		<replace key="redis.connectionTimeout">3000</replace>
		<replace key="redis.soTimeout">3000</replace>
		<replace key="redis.maxRedirections">5</replace>
		<replace key="redis.keyprefix">test</replace>

		<replace key="token_able_hour">24</replace>
		<replace key="spring.datasource.primary.driver-class-name">com.mysql.jdbc.Driver</replace>
		<replace key="spring.datasource.primary.url">jdbc:mysql://172.17.9.20:3306/redeemapi?useUnicode=true&amp;autoReconnect=true&amp;noAccessToProcedureBodies=true&amp;characterEncoding=UTF-8</replace>
		<replace key="spring.datasource.primary.username">root</replace>
		<replace key="spring.datasource.primary.password">!qaz@wsx</replace>
		<replace key="spring.datasource.secondary.driver-class-name">com.mysql.jdbc.Driver</replace>
		<replace key="spring.datasource.secondary.url">jdbc:mysql://172.17.9.14:3306/cbapi?useUnicode=true&amp;autoReconnect=true&amp;noAccessToProcedureBodies=true&amp;characterEncoding=UTF-8</replace>
		<replace key="spring.datasource.secondary.username">coffee</replace>
		<replace key="spring.datasource.secondary.password">coffeeTestO1</replace>
	</config-file>

</portable-config>